[    19.913] 
X.Org X Server 1.21.1.8
X Protocol Version 11, Revision 0
[    19.913] Current Operating System: Linux whoami 6.4.2-arch1-1 #1 SMP PREEMPT_DYNAMIC Thu, 06 Jul 2023 18:35:54 +0000 x86_64
[    19.914] Kernel command line: initrd=\intel-ucode.img initrd=\initramfs-linux.img root=PARTUUID=e895d74a-83f0-46b9-ae60-de9887360dd5 zswap.enabled=0 rw rootfstype=ext4
[    19.914]  
[    19.914] Current version of pixman: 0.42.2
[    19.914] 	Before reporting problems, check http://wiki.x.org
	to make sure that you have the latest version.
[    19.914] Markers: (--) probed, (**) from config file, (==) default setting,
	(++) from command line, (!!) notice, (II) informational,
	(WW) warning, (EE) error, (NI) not implemented, (??) unknown.
[    19.914] (==) Log file: "/home/sahilsuman/.local/share/xorg/Xorg.0.log", Time: Sun Jul 16 19:23:06 2023
[    19.915] (==) Using config directory: "/etc/X11/xorg.conf.d"
[    19.915] (==) Using system config directory "/usr/share/X11/xorg.conf.d"
[    19.916] (==) No Layout section.  Using the first Screen section.
[    19.916] (==) No screen section available. Using defaults.
[    19.916] (**) |-->Screen "Default Screen Section" (0)
[    19.916] (**) |   |-->Monitor "<default monitor>"
[    19.916] (==) No monitor specified for screen "Default Screen Section".
	Using a default monitor configuration.
[    19.916] (==) Automatically adding devices
[    19.916] (==) Automatically enabling devices
[    19.916] (==) Automatically adding GPU devices
[    19.916] (==) Automatically binding GPU devices
[    19.916] (==) Max clients allowed: 256, resource mask: 0x1fffff
[    19.917] (WW) The directory "/usr/share/fonts/misc" does not exist.
[    19.917] 	Entry deleted from font path.
[    19.918] (WW) `fonts.dir' not found (or not valid) in "/usr/share/fonts/TTF".
[    19.918] 	Entry deleted from font path.
[    19.918] 	(Run 'mkfontdir' on "/usr/share/fonts/TTF").
[    19.918] (WW) The directory "/usr/share/fonts/OTF" does not exist.
[    19.918] 	Entry deleted from font path.
[    19.918] (WW) The directory "/usr/share/fonts/Type1" does not exist.
[    19.918] 	Entry deleted from font path.
[    19.918] (WW) The directory "/usr/share/fonts/100dpi" does not exist.
[    19.918] 	Entry deleted from font path.
[    19.918] (WW) The directory "/usr/share/fonts/75dpi" does not exist.
[    19.918] 	Entry deleted from font path.
[    19.918] (==) FontPath set to:
	
[    19.918] (==) ModulePath set to "/usr/lib/xorg/modules"
[    19.918] (II) The server relies on udev to provide the list of input devices.
	If no devices become available, reconfigure udev or disable AutoAddDevices.
[    19.918] (II) Module ABI versions:
[    19.918] 	X.Org ANSI C Emulation: 0.4
[    19.918] 	X.Org Video Driver: 25.2
[    19.918] 	X.Org XInput driver : 24.4
[    19.918] 	X.Org Server Extension : 10.0
[    19.918] (++) using VT number 1

[    19.919] (II) systemd-logind: took control of session /org/freedesktop/login1/session/_31
[    19.920] (II) xfree86: Adding drm device (/dev/dri/card1)
[    19.920] (II) Platform probe for /sys/devices/pci0000:00/0000:00:01.0/0000:01:00.0/drm/card1
[    19.920] (II) systemd-logind: got fd for /dev/dri/card1 226:1 fd 13 paused 0
[    19.920] (II) xfree86: Adding drm device (/dev/dri/card0)
[    19.920] (II) Platform probe for /sys/devices/pci0000:00/0000:00:02.0/drm/card0
[    19.921] (II) systemd-logind: got fd for /dev/dri/card0 226:0 fd 14 paused 0
[    19.923] (--) PCI:*(0@0:2:0) 8086:9bc4:1043:1e91 rev 5, Mem @ 0xc3000000/16777216, 0xa0000000/268435456, I/O @ 0x00005000/64, BIOS @ 0x????????/131072
[    19.923] (--) PCI: (1@0:0:0) 10de:1f95:1043:1e91 rev 161, Mem @ 0xc4000000/16777216, 0xb0000000/268435456, 0xc0000000/33554432, I/O @ 0x00004000/128, BIOS @ 0x????????/524288
[    19.923] (WW) Open ACPI failed (/var/run/acpid.socket) (No such file or directory)
[    19.923] (II) LoadModule: "glx"
[    19.923] (II) Loading /usr/lib/xorg/modules/extensions/libglx.so
[    19.928] (II) Module glx: vendor="X.Org Foundation"
[    19.928] 	compiled for 1.21.1.8, module version = 1.0.0
[    19.928] 	ABI class: X.Org Server Extension, version 10.0
[    19.928] (==) Matched intel as autoconfigured driver 0
[    19.928] (==) Matched nouveau as autoconfigured driver 1
[    19.928] (==) Matched nv as autoconfigured driver 2
[    19.928] (==) Matched modesetting as autoconfigured driver 3
[    19.928] (==) Matched fbdev as autoconfigured driver 4
[    19.929] (==) Matched vesa as autoconfigured driver 5
[    19.929] (==) Assigned the driver to the xf86ConfigLayout
[    19.929] (II) LoadModule: "intel"
[    19.929] (WW) Warning, couldn't open module intel
[    19.929] (EE) Failed to load module "intel" (module does not exist, 0)
[    19.929] (II) LoadModule: "nouveau"
[    19.929] (II) Loading /usr/lib/xorg/modules/drivers/nouveau_drv.so
[    19.930] (II) Module nouveau: vendor="X.Org Foundation"
[    19.930] 	compiled for 1.21.1.1, module version = 1.0.17
[    19.930] 	Module class: X.Org Video Driver
[    19.930] 	ABI class: X.Org Video Driver, version 25.2
[    19.930] (II) LoadModule: "nv"
[    19.931] (WW) Warning, couldn't open module nv
[    19.931] (EE) Failed to load module "nv" (module does not exist, 0)
[    19.931] (II) LoadModule: "modesetting"
[    19.931] (II) Loading /usr/lib/xorg/modules/drivers/modesetting_drv.so
[    19.933] (II) Module modesetting: vendor="X.Org Foundation"
[    19.933] 	compiled for 1.21.1.8, module version = 1.21.1
[    19.933] 	Module class: X.Org Video Driver
[    19.933] 	ABI class: X.Org Video Driver, version 25.2
[    19.933] (II) LoadModule: "fbdev"
[    19.933] (WW) Warning, couldn't open module fbdev
[    19.933] (EE) Failed to load module "fbdev" (module does not exist, 0)
[    19.933] (II) LoadModule: "vesa"
[    19.933] (WW) Warning, couldn't open module vesa
[    19.933] (EE) Failed to load module "vesa" (module does not exist, 0)
[    19.933] (II) NOUVEAU driver 
[    19.933] (II) NOUVEAU driver for NVIDIA chipset families :
[    19.933] 	RIVA TNT            (NV04)
[    19.933] 	RIVA TNT2           (NV05)
[    19.933] 	GeForce 256         (NV10)
[    19.933] 	GeForce 2           (NV11, NV15)
[    19.933] 	GeForce 4MX         (NV17, NV18)
[    19.933] 	GeForce 3           (NV20)
[    19.933] 	GeForce 4Ti         (NV25, NV28)
[    19.933] 	GeForce FX          (NV3x)
[    19.933] 	GeForce 6           (NV4x)
[    19.933] 	GeForce 7           (G7x)
[    19.933] 	GeForce 8           (G8x)
[    19.933] 	GeForce 9           (G9x)
[    19.933] 	GeForce GTX 2xx/3xx (GT2xx)
[    19.933] 	GeForce GTX 4xx/5xx (GFxxx)
[    19.933] 	GeForce GTX 6xx/7xx (GKxxx)
[    19.933] 	GeForce GTX 9xx     (GMxxx)
[    19.933] 	GeForce GTX 10xx    (GPxxx)
[    19.933] (II) modesetting: Driver for Modesetting Kernel Drivers: kms
[    19.934] (II) modeset(0): using drv /dev/dri/card0
[    19.934] (II) [drm] nouveau interface version: 1.3.1
[    19.934] (EE) Unknown chipset: NV167
[    19.934] (II) modeset(G0): using drv /dev/dri/card1
[    19.934] (WW) VGA arbiter: cannot open kernel arbiter, no multi-card support
[    19.934] (II) modeset(0): Creating default Display subsection in Screen section
	"Default Screen Section" for depth/fbbpp 24/32
[    19.934] (==) modeset(0): Depth 24, (==) framebuffer bpp 32
[    19.934] (==) modeset(0): RGB weight 888
[    19.934] (==) modeset(0): Default visual is TrueColor
[    19.934] (II) Loading sub module "glamoregl"
[    19.934] (II) LoadModule: "glamoregl"
[    19.934] (II) Loading /usr/lib/xorg/modules/libglamoregl.so
[    19.939] (II) Module glamoregl: vendor="X.Org Foundation"
[    19.939] 	compiled for 1.21.1.8, module version = 1.0.1
[    19.939] 	ABI class: X.Org ANSI C Emulation, version 0.4
[    20.074] (II) modeset(0): glamor X acceleration enabled on Mesa Intel(R) UHD Graphics (CML GT2)
[    20.074] (II) modeset(0): glamor initialized
[    20.074] (==) modeset(0): VariableRefresh: disabled
[    20.074] (==) modeset(0): AsyncFlipSecondaries: disabled
[    20.076] (II) modeset(0): Output eDP-1 has no monitor section
[    20.078] (II) modeset(0): EDID for output eDP-1
[    20.078] (II) modeset(0): Manufacturer: NCP  Model: 4d  Serial#: 0
[    20.078] (II) modeset(0): Year: 2019  Week: 51
[    20.078] (II) modeset(0): EDID Version: 1.4
[    20.078] (II) modeset(0): Digital Display Input
[    20.078] (II) modeset(0): 8 bits per channel
[    20.078] (II) modeset(0): Digital interface is DisplayPort
[    20.078] (II) modeset(0): Max Image Size [cm]: horiz.: 34  vert.: 19
[    20.078] (II) modeset(0): Gamma: 2.20
[    20.078] (II) modeset(0): No DPMS capabilities specified
[    20.078] (II) modeset(0): Supported color encodings: RGB 4:4:4 
[    20.078] (II) modeset(0): First detailed timing is preferred mode
[    20.078] (II) modeset(0): Preferred mode is native pixel format and refresh rate
[    20.078] (II) modeset(0): Display is continuous-frequency
[    20.078] (II) modeset(0): redX: 0.595 redY: 0.361   greenX: 0.346 greenY: 0.555
[    20.078] (II) modeset(0): blueX: 0.157 blueY: 0.106   whiteX: 0.312 whiteY: 0.328
[    20.078] (II) modeset(0): Manufacturer's mask: 0
[    20.078] (II) modeset(0): Supported detailed timing:
[    20.078] (II) modeset(0): clock: 354.7 MHz   Image Size:  344 x 194 mm
[    20.078] (II) modeset(0): h_active: 1920  h_sync: 1968  h_sync_end 2000 h_blank_end 2180 h_border: 0
[    20.078] (II) modeset(0): v_active: 1080  v_sync: 1083  v_sync_end 1088 v_blanking: 1130 v_border: 0
[    20.078] (II) modeset(0): Supported detailed timing:
[    20.078] (II) modeset(0): clock: 147.8 MHz   Image Size:  344 x 194 mm
[    20.078] (II) modeset(0): h_active: 1920  h_sync: 1968  h_sync_end 2000 h_blank_end 2180 h_border: 0
[    20.078] (II) modeset(0): v_active: 1080  v_sync: 1083  v_sync_end 1088 v_blanking: 1130 v_border: 0
[    20.078] (II) modeset(0): Ranges: V min: 48 V max: 144 Hz, H min: 154 H max: 154 kHz, PixClock max 355 MHz
[    20.078] (II) modeset(0):  LM156LF-2F01
[    20.078] (II) modeset(0): EDID (in hex):
[    20.078] (II) modeset(0): 	00ffffffffffff0038704d0000000000
[    20.078] (II) modeset(0): 	331d0104a5221378036850985c588e28
[    20.078] (II) modeset(0): 	1b505400000001010101010101010101
[    20.078] (II) modeset(0): 	010101010101918a8004713832403020
[    20.078] (II) modeset(0): 	350058c21000001abd39800471383240
[    20.078] (II) modeset(0): 	3020350058c21000001a000000fd0030
[    20.078] (II) modeset(0): 	909a9a23010a202020202020000000fe
[    20.078] (II) modeset(0): 	004c4d3135364c462d324630310a0049
[    20.078] (II) modeset(0): Printing probed modes for output eDP-1
[    20.078] (II) modeset(0): Modeline "1920x1080"x144.0  354.73  1920 1968 2000 2180  1080 1083 1088 1130 +hsync -vsync (162.7 kHz eP)
[    20.079] (II) modeset(0): Modeline "1920x1080"x60.0  356.38  1920 2080 2288 2656  1080 1081 1084 1118 doublescan -hsync +vsync (134.2 kHz d)
[    20.079] (II) modeset(0): Modeline "1920x1080"x60.0  266.50  1920 1944 1960 2000  1080 1081 1084 1111 doublescan +hsync -vsync (133.2 kHz d)
[    20.079] (II) modeset(0): Modeline "1920x1080"x60.0  173.00  1920 2048 2248 2576  1080 1083 1088 1120 -hsync +vsync (67.2 kHz d)
[    20.079] (II) modeset(0): Modeline "1920x1080"x60.0  147.81  1920 1968 2000 2180  1080 1083 1088 1130 +hsync -vsync (67.8 kHz e)
[    20.079] (II) modeset(0): Modeline "1920x1080"x59.9  138.50  1920 1968 2000 2080  1080 1083 1088 1111 +hsync -vsync (66.6 kHz d)
[    20.079] (II) modeset(0): Modeline "1680x1050"x60.0  146.25  1680 1784 1960 2240  1050 1053 1059 1089 -hsync +vsync (65.3 kHz d)
[    20.079] (II) modeset(0): Modeline "1680x1050"x59.9  119.00  1680 1728 1760 1840  1050 1053 1059 1080 +hsync -vsync (64.7 kHz d)
[    20.079] (II) modeset(0): Modeline "1400x1050"x74.8  155.80  1400 1464 1784 1912  1050 1052 1064 1090 +hsync +vsync (81.5 kHz d)
[    20.079] (II) modeset(0): Modeline "1400x1050"x60.0  122.00  1400 1488 1640 1880  1050 1052 1064 1082 +hsync +vsync (64.9 kHz d)
[    20.079] (II) modeset(0): Modeline "1600x900"x60.0  246.00  1600 1728 1900 2200  900 901 904 932 doublescan -hsync +vsync (111.8 kHz d)
[    20.079] (II) modeset(0): Modeline "1600x900"x59.9  186.50  1600 1624 1640 1680  900 901 904 926 doublescan +hsync -vsync (111.0 kHz d)
[    20.079] (II) modeset(0): Modeline "1600x900"x59.9  118.25  1600 1696 1856 2112  900 903 908 934 -hsync +vsync (56.0 kHz d)
[    20.079] (II) modeset(0): Modeline "1600x900"x59.8   97.50  1600 1648 1680 1760  900 903 908 926 +hsync -vsync (55.4 kHz d)
[    20.079] (II) modeset(0): Modeline "1280x1024"x85.0  157.50  1280 1344 1504 1728  1024 1025 1028 1072 +hsync +vsync (91.1 kHz d)
[    20.079] (II) modeset(0): Modeline "1280x1024"x75.0  135.00  1280 1296 1440 1688  1024 1025 1028 1066 +hsync +vsync (80.0 kHz d)
[    20.079] (II) modeset(0): Modeline "1280x1024"x60.0  108.00  1280 1328 1440 1688  1024 1025 1028 1066 +hsync +vsync (64.0 kHz d)
[    20.079] (II) modeset(0): Modeline "1400x900"x60.0  103.50  1400 1480 1624 1848  900 903 913 934 -hsync +vsync (56.0 kHz d)
[    20.079] (II) modeset(0): Modeline "1400x900"x59.9   86.50  1400 1448 1480 1560  900 903 913 926 +hsync -vsync (55.4 kHz d)
[    20.079] (II) modeset(0): Modeline "1280x960"x85.0  148.50  1280 1344 1504 1728  960 961 964 1011 +hsync +vsync (85.9 kHz d)
[    20.079] (II) modeset(0): Modeline "1280x960"x60.0  108.00  1280 1376 1488 1800  960 961 964 1000 +hsync +vsync (60.0 kHz d)
[    20.079] (II) modeset(0): Modeline "1440x810"x60.0  198.12  1440 1548 1704 1968  810 811 814 839 doublescan -hsync +vsync (100.7 kHz d)
[    20.079] (II) modeset(0): Modeline "1440x810"x60.0  151.88  1440 1464 1480 1520  810 811 814 833 doublescan +hsync -vsync (99.9 kHz d)
[    20.079] (II) modeset(0): Modeline "1368x768"x59.9   85.25  1368 1440 1576 1784  768 771 781 798 -hsync +vsync (47.8 kHz d)
[    20.079] (II) modeset(0): Modeline "1368x768"x59.9   72.25  1368 1416 1448 1528  768 771 781 790 +hsync -vsync (47.3 kHz d)
[    20.079] (II) modeset(0): Modeline "1280x800"x60.0  174.25  1280 1380 1516 1752  800 801 804 829 doublescan -hsync +vsync (99.5 kHz d)
[    20.079] (II) modeset(0): Modeline "1280x800"x60.0  134.25  1280 1304 1320 1360  800 801 804 823 doublescan +hsync -vsync (98.7 kHz d)
[    20.079] (II) modeset(0): Modeline "1280x800"x59.8   83.50  1280 1352 1480 1680  800 803 809 831 -hsync +vsync (49.7 kHz d)
[    20.079] (II) modeset(0): Modeline "1280x800"x59.9   71.00  1280 1328 1360 1440  800 803 809 823 +hsync -vsync (49.3 kHz d)
[    20.079] (II) modeset(0): Modeline "1152x864"x75.0  108.00  1152 1216 1344 1600  864 865 868 900 +hsync +vsync (67.5 kHz d)
[    20.079] (II) modeset(0): Modeline "1280x720"x60.0  156.12  1280 1376 1512 1744  720 721 724 746 doublescan -hsync +vsync (89.5 kHz d)
[    20.079] (II) modeset(0): Modeline "1280x720"x60.0  120.75  1280 1304 1320 1360  720 721 724 740 doublescan +hsync -vsync (88.8 kHz d)
[    20.079] (II) modeset(0): Modeline "1280x720"x59.9   74.50  1280 1344 1472 1664  720 723 728 748 -hsync +vsync (44.8 kHz d)
[    20.079] (II) modeset(0): Modeline "1280x720"x59.7   63.75  1280 1328 1360 1440  720 723 728 741 +hsync -vsync (44.3 kHz d)
[    20.079] (II) modeset(0): Modeline "1024x768"x85.0  194.02  1024 1108 1220 1416  768 768 770 806 doublescan -hsync +vsync (137.0 kHz d)
[    20.079] (II) modeset(0): Modeline "1024x768"x75.0  170.24  1024 1108 1220 1416  768 768 770 801 doublescan -hsync +vsync (120.2 kHz d)
[    20.079] (II) modeset(0): Modeline "1024x768"x60.0  133.47  1024 1100 1212 1400  768 768 770 794 doublescan -hsync +vsync (95.3 kHz d)
[    20.079] (II) modeset(0): Modeline "1024x768"x85.0   94.50  1024 1072 1168 1376  768 769 772 808 +hsync +vsync (68.7 kHz d)
[    20.079] (II) modeset(0): Modeline "1024x768"x75.0   78.75  1024 1040 1136 1312  768 769 772 800 +hsync +vsync (60.0 kHz d)
[    20.079] (II) modeset(0): Modeline "1024x768"x70.1   75.00  1024 1048 1184 1328  768 771 777 806 -hsync -vsync (56.5 kHz d)
[    20.079] (II) modeset(0): Modeline "1024x768"x60.0   65.00  1024 1048 1184 1344  768 771 777 806 -hsync -vsync (48.4 kHz d)
[    20.079] (II) modeset(0): Modeline "1024x768i"x87.0   44.90  1024 1032 1208 1264  768 768 776 817 interlace +hsync +vsync (35.5 kHz d)
[    20.079] (II) modeset(0): Modeline "960x720"x85.0  170.68  960 1036 1144 1328  720 720 722 756 doublescan -hsync +vsync (128.5 kHz d)
[    20.079] (II) modeset(0): Modeline "960x720"x75.0  148.50  960 1032 1144 1320  720 720 722 750 doublescan -hsync +vsync (112.5 kHz d)
[    20.079] (II) modeset(0): Modeline "960x720"x60.0  117.00  960 1024 1128 1300  720 720 722 750 doublescan -hsync +vsync (90.0 kHz d)
[    20.079] (II) modeset(0): Modeline "928x696"x75.0  144.00  928 992 1104 1280  696 696 698 750 doublescan -hsync +vsync (112.5 kHz d)
[    20.079] (II) modeset(0): Modeline "928x696"x60.1  109.15  928 976 1088 1264  696 696 698 719 doublescan -hsync +vsync (86.4 kHz d)
[    20.079] (II) modeset(0): Modeline "896x672"x75.0  130.50  896 944 1052 1228  672 672 674 708 doublescan -hsync +vsync (106.3 kHz d)
[    20.079] (II) modeset(0): Modeline "896x672"x60.0  102.40  896 960 1060 1224  672 672 674 697 doublescan -hsync +vsync (83.7 kHz d)
[    20.079] (II) modeset(0): Modeline "1024x576"x60.0   98.50  1024 1092 1200 1376  576 577 580 597 doublescan -hsync +vsync (71.6 kHz d)
[    20.079] (II) modeset(0): Modeline "1024x576"x60.0   78.38  1024 1048 1064 1104  576 577 580 592 doublescan +hsync -vsync (71.0 kHz d)
[    20.079] (II) modeset(0): Modeline "1024x576"x59.9   46.50  1024 1064 1160 1296  576 579 584 599 -hsync +vsync (35.9 kHz d)
[    20.079] (II) modeset(0): Modeline "1024x576"x59.8   42.00  1024 1072 1104 1184  576 579 584 593 +hsync -vsync (35.5 kHz d)
[    20.079] (II) modeset(0): Modeline "960x600"x59.9   96.62  960 1028 1128 1296  600 601 604 622 doublescan -hsync +vsync (74.6 kHz d)
[    20.079] (II) modeset(0): Modeline "960x600"x60.0   77.00  960 984 1000 1040  600 601 604 617 doublescan +hsync -vsync (74.0 kHz d)
[    20.079] (II) modeset(0): Modeline "832x624"x74.6   57.28  832 864 928 1152  624 625 628 667 -hsync -vsync (49.7 kHz d)
[    20.079] (II) modeset(0): Modeline "960x540"x60.0   86.50  960 1024 1124 1288  540 541 544 560 doublescan -hsync +vsync (67.2 kHz d)
[    20.079] (II) modeset(0): Modeline "960x540"x60.0   69.25  960 984 1000 1040  540 541 544 555 doublescan +hsync -vsync (66.6 kHz d)
[    20.079] (II) modeset(0): Modeline "960x540"x59.6   40.75  960 992 1088 1216  540 543 548 562 -hsync +vsync (33.5 kHz d)
[    20.079] (II) modeset(0): Modeline "960x540"x59.8   37.25  960 1008 1040 1120  540 543 548 556 +hsync -vsync (33.3 kHz d)
[    20.079] (II) modeset(0): Modeline "800x600"x85.0  114.75  800 832 928 1080  600 600 602 625 doublescan +hsync +vsync (106.2 kHz d)
[    20.079] (II) modeset(0): Modeline "800x600"x75.0  101.25  800 832 928 1080  600 600 602 625 doublescan +hsync +vsync (93.8 kHz d)
[    20.079] (II) modeset(0): Modeline "800x600"x70.0   94.50  800 832 928 1080  600 600 602 625 doublescan +hsync +vsync (87.5 kHz d)
[    20.079] (II) modeset(0): Modeline "800x600"x65.0   87.75  800 832 928 1080  600 600 602 625 doublescan +hsync +vsync (81.2 kHz d)
[    20.079] (II) modeset(0): Modeline "800x600"x60.0   81.00  800 832 928 1080  600 600 602 625 doublescan +hsync +vsync (75.0 kHz d)
[    20.079] (II) modeset(0): Modeline "800x600"x85.1   56.30  800 832 896 1048  600 601 604 631 +hsync +vsync (53.7 kHz d)
[    20.079] (II) modeset(0): Modeline "800x600"x72.2   50.00  800 856 976 1040  600 637 643 666 +hsync +vsync (48.1 kHz d)
[    20.079] (II) modeset(0): Modeline "800x600"x75.0   49.50  800 816 896 1056  600 601 604 625 +hsync +vsync (46.9 kHz d)
[    20.079] (II) modeset(0): Modeline "800x600"x60.3   40.00  800 840 968 1056  600 601 605 628 +hsync +vsync (37.9 kHz d)
[    20.079] (II) modeset(0): Modeline "800x600"x56.2   36.00  800 824 896 1024  600 601 603 625 +hsync +vsync (35.2 kHz d)
[    20.079] (II) modeset(0): Modeline "840x525"x60.0   73.12  840 892 980 1120  525 526 529 544 doublescan -hsync +vsync (65.3 kHz d)
[    20.079] (II) modeset(0): Modeline "840x525"x59.9   59.50  840 864 880 920  525 526 529 540 doublescan +hsync -vsync (64.7 kHz d)
[    20.079] (II) modeset(0): Modeline "864x486"x59.9   32.50  864 888 968 1072  486 489 494 506 -hsync +vsync (30.3 kHz d)
[    20.079] (II) modeset(0): Modeline "864x486"x59.6   30.50  864 912 944 1024  486 489 494 500 +hsync -vsync (29.8 kHz d)
[    20.079] (II) modeset(0): Modeline "700x525"x74.8   77.90  700 732 892 956  525 526 532 545 doublescan +hsync +vsync (81.5 kHz d)
[    20.079] (II) modeset(0): Modeline "700x525"x60.0   61.00  700 744 820 940  525 526 532 541 doublescan +hsync +vsync (64.9 kHz d)
[    20.079] (II) modeset(0): Modeline "800x450"x59.9   59.12  800 848 928 1056  450 451 454 467 doublescan -hsync +vsync (56.0 kHz d)
[    20.079] (II) modeset(0): Modeline "800x450"x59.8   48.75  800 824 840 880  450 451 454 463 doublescan +hsync -vsync (55.4 kHz d)
[    20.079] (II) modeset(0): Modeline "640x512"x85.0   78.75  640 672 752 864  512 512 514 536 doublescan +hsync +vsync (91.1 kHz d)
[    20.079] (II) modeset(0): Modeline "640x512"x75.0   67.50  640 648 720 844  512 512 514 533 doublescan +hsync +vsync (80.0 kHz d)
[    20.079] (II) modeset(0): Modeline "640x512"x60.0   54.00  640 664 720 844  512 512 514 533 doublescan +hsync +vsync (64.0 kHz d)
[    20.079] (II) modeset(0): Modeline "700x450"x60.0   51.75  700 740 812 924  450 451 456 467 doublescan -hsync +vsync (56.0 kHz d)
[    20.079] (II) modeset(0): Modeline "700x450"x59.9   43.25  700 724 740 780  450 451 456 463 doublescan +hsync -vsync (55.4 kHz d)
[    20.079] (II) modeset(0): Modeline "640x480"x85.1   74.25  640 672 752 864  480 480 482 505 doublescan +hsync +vsync (85.9 kHz d)
[    20.079] (II) modeset(0): Modeline "640x480"x60.0   54.00  640 688 744 900  480 480 482 500 doublescan +hsync +vsync (60.0 kHz d)
[    20.079] (II) modeset(0): Modeline "640x480"x85.0   36.00  640 696 752 832  480 481 484 509 -hsync -vsync (43.3 kHz d)
[    20.079] (II) modeset(0): Modeline "640x480"x72.8   31.50  640 664 704 832  480 489 492 520 -hsync -vsync (37.9 kHz d)
[    20.079] (II) modeset(0): Modeline "640x480"x75.0   31.50  640 656 720 840  480 481 484 500 -hsync -vsync (37.5 kHz d)
[    20.079] (II) modeset(0): Modeline "640x480"x59.9   25.18  640 656 752 800  480 490 492 525 -hsync -vsync (31.5 kHz d)
[    20.079] (II) modeset(0): Modeline "720x405"x59.5   22.50  720 744 808 896  405 408 413 422 -hsync +vsync (25.1 kHz d)
[    20.079] (II) modeset(0): Modeline "720x405"x59.0   21.75  720 768 800 880  405 408 413 419 +hsync -vsync (24.7 kHz d)
[    20.079] (II) modeset(0): Modeline "720x400"x85.0   35.50  720 756 828 936  400 401 404 446 -hsync +vsync (37.9 kHz d)
[    20.079] (II) modeset(0): Modeline "684x384"x59.9   42.62  684 720 788 892  384 385 390 399 doublescan -hsync +vsync (47.8 kHz d)
[    20.079] (II) modeset(0): Modeline "684x384"x59.9   36.12  684 708 724 764  384 385 390 395 doublescan +hsync -vsync (47.3 kHz d)
[    20.079] (II) modeset(0): Modeline "640x400"x59.9   41.75  640 676 740 840  400 401 404 415 doublescan -hsync +vsync (49.7 kHz d)
[    20.079] (II) modeset(0): Modeline "640x400"x60.0   35.50  640 664 680 720  400 401 404 411 doublescan +hsync -vsync (49.3 kHz d)
[    20.079] (II) modeset(0): Modeline "640x400"x85.1   31.50  640 672 736 832  400 401 404 445 -hsync +vsync (37.9 kHz d)
[    20.079] (II) modeset(0): Modeline "576x432"x75.0   54.00  576 608 672 800  432 432 434 450 doublescan +hsync +vsync (67.5 kHz d)
[    20.079] (II) modeset(0): Modeline "640x360"x59.9   37.25  640 672 736 832  360 361 364 374 doublescan -hsync +vsync (44.8 kHz d)
[    20.079] (II) modeset(0): Modeline "640x360"x59.8   31.88  640 664 680 720  360 361 364 370 doublescan +hsync -vsync (44.3 kHz d)
[    20.079] (II) modeset(0): Modeline "640x360"x59.8   18.00  640 664 720 800  360 363 368 376 -hsync +vsync (22.5 kHz d)
[    20.079] (II) modeset(0): Modeline "640x360"x59.3   17.75  640 688 720 800  360 363 368 374 +hsync -vsync (22.2 kHz d)
[    20.079] (II) modeset(0): Modeline "640x350"x85.1   31.50  640 672 736 832  350 382 385 445 +hsync -vsync (37.9 kHz d)
[    20.079] (II) modeset(0): Modeline "512x384"x85.0   47.25  512 536 584 688  384 384 386 404 doublescan +hsync +vsync (68.7 kHz d)
[    20.079] (II) modeset(0): Modeline "512x384"x75.0   39.38  512 520 568 656  384 384 386 400 doublescan +hsync +vsync (60.0 kHz d)
[    20.079] (II) modeset(0): Modeline "512x384"x70.1   37.50  512 524 592 664  384 385 388 403 doublescan -hsync -vsync (56.5 kHz d)
[    20.079] (II) modeset(0): Modeline "512x384"x60.0   32.50  512 524 592 672  384 385 388 403 doublescan -hsync -vsync (48.4 kHz d)
[    20.079] (II) modeset(0): Modeline "512x384i"x87.1   22.45  512 516 604 632  384 384 388 408 interlace doublescan +hsync +vsync (35.5 kHz d)
[    20.079] (II) modeset(0): Modeline "512x288"x60.0   23.25  512 532 580 648  288 289 292 299 doublescan -hsync +vsync (35.9 kHz d)
[    20.079] (II) modeset(0): Modeline "512x288"x59.9   21.00  512 536 552 592  288 289 292 296 doublescan +hsync -vsync (35.5 kHz d)
[    20.079] (II) modeset(0): Modeline "416x312"x74.7   28.64  416 432 464 576  312 312 314 333 doublescan -hsync -vsync (49.7 kHz d)
[    20.079] (II) modeset(0): Modeline "480x270"x59.6   20.38  480 496 544 608  270 271 274 281 doublescan -hsync +vsync (33.5 kHz d)
[    20.079] (II) modeset(0): Modeline "480x270"x59.8   18.62  480 504 520 560  270 271 274 278 doublescan +hsync -vsync (33.3 kHz d)
[    20.079] (II) modeset(0): Modeline "400x300"x85.3   28.15  400 416 448 524  300 300 302 315 doublescan +hsync +vsync (53.7 kHz d)
[    20.079] (II) modeset(0): Modeline "400x300"x72.2   25.00  400 428 488 520  300 318 321 333 doublescan +hsync +vsync (48.1 kHz d)
[    20.079] (II) modeset(0): Modeline "400x300"x75.1   24.75  400 408 448 528  300 300 302 312 doublescan +hsync +vsync (46.9 kHz d)
[    20.079] (II) modeset(0): Modeline "400x300"x60.3   20.00  400 420 484 528  300 300 302 314 doublescan +hsync +vsync (37.9 kHz d)
[    20.079] (II) modeset(0): Modeline "400x300"x56.3   18.00  400 412 448 512  300 300 301 312 doublescan +hsync +vsync (35.2 kHz d)
[    20.079] (II) modeset(0): Modeline "432x243"x59.9   16.25  432 444 484 536  243 244 247 253 doublescan -hsync +vsync (30.3 kHz d)
[    20.079] (II) modeset(0): Modeline "432x243"x59.6   15.25  432 456 472 512  243 244 247 250 doublescan +hsync -vsync (29.8 kHz d)
[    20.079] (II) modeset(0): Modeline "320x240"x85.2   18.00  320 348 376 416  240 240 242 254 doublescan -hsync -vsync (43.3 kHz d)
[    20.079] (II) modeset(0): Modeline "320x240"x72.8   15.75  320 332 352 416  240 244 246 260 doublescan -hsync -vsync (37.9 kHz d)
[    20.079] (II) modeset(0): Modeline "320x240"x75.0   15.75  320 328 360 420  240 240 242 250 doublescan -hsync -vsync (37.5 kHz d)
[    20.079] (II) modeset(0): Modeline "320x240"x60.1   12.59  320 328 376 400  240 245 246 262 doublescan -hsync -vsync (31.5 kHz d)
[    20.079] (II) modeset(0): Modeline "360x202"x59.5   11.25  360 372 404 448  202 204 206 211 doublescan -hsync +vsync (25.1 kHz d)
[    20.079] (II) modeset(0): Modeline "360x202"x59.1   10.88  360 384 400 440  202 204 206 209 doublescan +hsync -vsync (24.7 kHz d)
[    20.079] (II) modeset(0): Modeline "360x200"x85.0   17.75  360 378 414 468  200 200 202 223 doublescan -hsync +vsync (37.9 kHz d)
[    20.079] (II) modeset(0): Modeline "320x200"x85.3   15.75  320 336 368 416  200 200 202 222 doublescan -hsync +vsync (37.9 kHz d)
[    20.079] (II) modeset(0): Modeline "320x180"x59.8    9.00  320 332 360 400  180 181 184 188 doublescan -hsync +vsync (22.5 kHz d)
[    20.079] (II) modeset(0): Modeline "320x180"x59.3    8.88  320 344 360 400  180 181 184 187 doublescan +hsync -vsync (22.2 kHz d)
[    20.079] (II) modeset(0): Modeline "320x175"x85.3   15.75  320 336 368 416  175 191 192 222 doublescan +hsync -vsync (37.9 kHz d)
[    20.079] (II) modeset(0): Output eDP-1 connected
[    20.079] (II) modeset(0): Using exact sizes for initial modes
[    20.079] (II) modeset(0): Output eDP-1 using initial mode 1920x1080 +0+0
[    20.079] (==) modeset(0): Using gamma correction (1.0, 1.0, 1.0)
[    20.079] (==) modeset(0): DPI set to (96, 96)
[    20.079] (II) Loading sub module "fb"
[    20.079] (II) LoadModule: "fb"
[    20.079] (II) Module "fb" already built-in
[    20.079] (==) modeset(G0): Depth 24, (==) framebuffer bpp 32
[    20.079] (==) modeset(G0): RGB weight 888
[    20.079] (==) modeset(G0): Default visual is TrueColor
[    20.079] (II) Loading sub module "glamoregl"
[    20.079] (II) LoadModule: "glamoregl"
[    20.079] (II) Loading /usr/lib/xorg/modules/libglamoregl.so
[    20.079] (II) Module glamoregl: vendor="X.Org Foundation"
[    20.079] 	compiled for 1.21.1.8, module version = 1.0.1
[    20.079] 	ABI class: X.Org ANSI C Emulation, version 0.4
[    20.257] (II) modeset(G0): glamor X acceleration enabled on NV167
[    20.257] (II) modeset(G0): glamor initialized
[    20.259] (II) modeset(G0): Output HDMI-1-1 has no monitor section
[    20.310] (II) modeset(G0): Output DP-1-1 has no monitor section
[    20.311] (II) modeset(G0): EDID for output HDMI-1-1
[    20.363] (II) modeset(G0): EDID for output DP-1-1
[    20.363] (==) modeset(G0): Using gamma correction (1.0, 1.0, 1.0)
[    20.363] (==) modeset(G0): DPI set to (96, 96)
[    20.363] (II) Loading sub module "fb"
[    20.363] (II) LoadModule: "fb"
[    20.363] (II) Module "fb" already built-in
[    20.392] (==) modeset(0): Backing store enabled
[    20.392] (==) modeset(0): Silken mouse enabled
[    20.433] (II) modeset(0): Initializing kms color map for depth 24, 8 bpc.
[    20.433] (==) modeset(0): DPMS enabled
[    20.433] (II) modeset(0): [DRI2] Setup complete
[    20.433] (II) modeset(0): [DRI2]   DRI driver: iris
[    20.433] (II) modeset(0): [DRI2]   VDPAU driver: va_gl
[    20.460] (==) modeset(G0): Backing store enabled
[    20.460] (==) modeset(G0): Silken mouse enabled
[    20.461] (II) modeset(G0): Initializing kms color map for depth 24, 8 bpc.
[    20.461] (==) modeset(G0): DPMS enabled
[    20.461] (II) modeset(G0): [DRI2] Setup complete
[    20.461] (II) modeset(G0): [DRI2]   DRI driver: nouveau
[    20.461] (II) modeset(G0): [DRI2]   VDPAU driver: nouveau
[    20.461] (II) Initializing extension Generic Event Extension
[    20.461] (II) Initializing extension SHAPE
[    20.462] (II) Initializing extension MIT-SHM
[    20.462] (II) Initializing extension XInputExtension
[    20.462] (II) Initializing extension XTEST
[    20.463] (II) Initializing extension BIG-REQUESTS
[    20.463] (II) Initializing extension SYNC
[    20.463] (II) Initializing extension XKEYBOARD
[    20.463] (II) Initializing extension XC-MISC
[    20.464] (II) Initializing extension SECURITY
[    20.464] (II) Initializing extension XFIXES
[    20.464] (II) Initializing extension RENDER
[    20.464] (II) Initializing extension RANDR
[    20.465] (II) Initializing extension COMPOSITE
[    20.465] (II) Initializing extension DAMAGE
[    20.465] (II) Initializing extension MIT-SCREEN-SAVER
[    20.466] (II) Initializing extension DOUBLE-BUFFER
[    20.466] (II) Initializing extension RECORD
[    20.467] (II) Initializing extension DPMS
[    20.467] (II) Initializing extension Present
[    20.467] (II) Initializing extension DRI3
[    20.468] (II) Initializing extension X-Resource
[    20.468] (II) Initializing extension XVideo
[    20.468] (II) Initializing extension XVideo-MotionCompensation
[    20.468] (II) Initializing extension GLX
[    20.482] (II) AIGLX: Loaded and initialized iris
[    20.482] (II) GLX: Initialized DRI2 GL provider for screen 0
[    20.482] (II) Initializing extension XFree86-VidModeExtension
[    20.482] (II) Initializing extension XFree86-DGA
[    20.482] (II) Initializing extension XFree86-DRI
[    20.482] (II) Initializing extension DRI2
[    20.483] (II) modeset(G0): Damage tracking initialized
[    20.483] (II) modeset(0): Damage tracking initialized
[    20.483] (II) modeset(0): Setting screen physical size to 508 x 285
[    20.556] (II) config/udev: Adding input device Power Button (/dev/input/event3)
[    20.556] (**) Power Button: Applying InputClass "libinput keyboard catchall"
[    20.556] (**) Power Button: Applying InputClass "system-keyboard"
[    20.556] (II) LoadModule: "libinput"
[    20.556] (II) Loading /usr/lib/xorg/modules/input/libinput_drv.so
[    20.572] (II) Module libinput: vendor="X.Org Foundation"
[    20.572] 	compiled for 1.21.1.8, module version = 1.3.0
[    20.572] 	Module class: X.Org XInput Driver
[    20.572] 	ABI class: X.Org XInput driver, version 24.4
[    20.572] (II) Using input driver 'libinput' for 'Power Button'
[    20.574] (II) systemd-logind: got fd for /dev/input/event3 13:67 fd 32 paused 0
[    20.574] (**) Power Button: always reports core events
[    20.574] (**) Option "Device" "/dev/input/event3"
[    20.582] (II) event3  - Power Button: is tagged by udev as: Keyboard
[    20.582] (II) event3  - Power Button: device is a keyboard
[    20.583] (II) event3  - Power Button: device removed
[    20.583] (**) Option "config_info" "udev:/sys/devices/LNXSYSTM:00/LNXPWRBN:00/input/input3/event3"
[    20.583] (II) XINPUT: Adding extended input device "Power Button" (type: KEYBOARD, id 6)
[    20.583] (**) Option "xkb_model" "pc105+inet"
[    20.583] (**) Option "xkb_layout" "us"
[    20.583] (**) Option "xkb_options" "terminate:ctrl_alt_bksp"
[    20.632] (II) event3  - Power Button: is tagged by udev as: Keyboard
[    20.632] (II) event3  - Power Button: device is a keyboard
[    20.633] (II) config/udev: Adding input device Asus Wireless Radio Control (/dev/input/event5)
[    20.633] (**) Asus Wireless Radio Control: Applying InputClass "libinput keyboard catchall"
[    20.633] (**) Asus Wireless Radio Control: Applying InputClass "system-keyboard"
[    20.633] (II) Using input driver 'libinput' for 'Asus Wireless Radio Control'
[    20.635] (II) systemd-logind: got fd for /dev/input/event5 13:69 fd 35 paused 0
[    20.635] (**) Asus Wireless Radio Control: always reports core events
[    20.635] (**) Option "Device" "/dev/input/event5"
[    20.636] (II) event5  - Asus Wireless Radio Control: is tagged by udev as: Keyboard
[    20.636] (II) event5  - Asus Wireless Radio Control: device is a keyboard
[    20.636] (II) event5  - Asus Wireless Radio Control: device removed
[    20.636] (**) Option "config_info" "udev:/sys/devices/LNXSYSTM:00/LNXSYBUS:00/ATK4002:00/input/input5/event5"
[    20.636] (II) XINPUT: Adding extended input device "Asus Wireless Radio Control" (type: KEYBOARD, id 7)
[    20.637] (**) Option "xkb_model" "pc105+inet"
[    20.637] (**) Option "xkb_layout" "us"
[    20.637] (**) Option "xkb_options" "terminate:ctrl_alt_bksp"
[    20.638] (II) event5  - Asus Wireless Radio Control: is tagged by udev as: Keyboard
[    20.638] (II) event5  - Asus Wireless Radio Control: device is a keyboard
[    20.639] (II) config/udev: Adding input device Video Bus (/dev/input/event19)
[    20.639] (**) Video Bus: Applying InputClass "libinput keyboard catchall"
[    20.639] (**) Video Bus: Applying InputClass "system-keyboard"
[    20.639] (II) Using input driver 'libinput' for 'Video Bus'
[    20.640] (II) systemd-logind: got fd for /dev/input/event19 13:83 fd 36 paused 0
[    20.640] (**) Video Bus: always reports core events
[    20.640] (**) Option "Device" "/dev/input/event19"
[    20.642] (II) event19 - Video Bus: is tagged by udev as: Keyboard
[    20.642] (II) event19 - Video Bus: device is a keyboard
[    20.642] (II) event19 - Video Bus: device removed
[    20.642] (**) Option "config_info" "udev:/sys/devices/LNXSYSTM:00/LNXSYBUS:00/PNP0A08:00/LNXVIDEO:00/input/input22/event19"
[    20.642] (II) XINPUT: Adding extended input device "Video Bus" (type: KEYBOARD, id 8)
[    20.642] (**) Option "xkb_model" "pc105+inet"
[    20.642] (**) Option "xkb_layout" "us"
[    20.642] (**) Option "xkb_options" "terminate:ctrl_alt_bksp"
[    20.644] (II) event19 - Video Bus: is tagged by udev as: Keyboard
[    20.644] (II) event19 - Video Bus: device is a keyboard
[    20.645] (II) config/udev: Adding input device Video Bus (/dev/input/event20)
[    20.645] (**) Video Bus: Applying InputClass "libinput keyboard catchall"
[    20.645] (**) Video Bus: Applying InputClass "system-keyboard"
[    20.645] (II) Using input driver 'libinput' for 'Video Bus'
[    20.646] (II) systemd-logind: got fd for /dev/input/event20 13:84 fd 37 paused 0
[    20.646] (**) Video Bus: always reports core events
[    20.646] (**) Option "Device" "/dev/input/event20"
[    20.647] (II) event20 - Video Bus: is tagged by udev as: Keyboard
[    20.647] (II) event20 - Video Bus: device is a keyboard
[    20.648] (II) event20 - Video Bus: device removed
[    20.648] (**) Option "config_info" "udev:/sys/devices/LNXSYSTM:00/LNXSYBUS:00/PNP0A08:00/device:13/LNXVIDEO:01/input/input23/event20"
[    20.648] (II) XINPUT: Adding extended input device "Video Bus" (type: KEYBOARD, id 9)
[    20.648] (**) Option "xkb_model" "pc105+inet"
[    20.648] (**) Option "xkb_layout" "us"
[    20.648] (**) Option "xkb_options" "terminate:ctrl_alt_bksp"
[    20.649] (II) event20 - Video Bus: is tagged by udev as: Keyboard
[    20.649] (II) event20 - Video Bus: device is a keyboard
[    20.650] (II) config/udev: Adding input device Power Button (/dev/input/event2)
[    20.650] (**) Power Button: Applying InputClass "libinput keyboard catchall"
[    20.650] (**) Power Button: Applying InputClass "system-keyboard"
[    20.650] (II) Using input driver 'libinput' for 'Power Button'
[    20.651] (II) systemd-logind: got fd for /dev/input/event2 13:66 fd 38 paused 0
[    20.651] (**) Power Button: always reports core events
[    20.651] (**) Option "Device" "/dev/input/event2"
[    20.652] (II) event2  - Power Button: is tagged by udev as: Keyboard
[    20.652] (II) event2  - Power Button: device is a keyboard
[    20.652] (II) event2  - Power Button: device removed
[    20.652] (**) Option "config_info" "udev:/sys/devices/LNXSYSTM:00/LNXSYBUS:00/PNP0C0C:00/input/input2/event2"
[    20.652] (II) XINPUT: Adding extended input device "Power Button" (type: KEYBOARD, id 10)
[    20.652] (**) Option "xkb_model" "pc105+inet"
[    20.652] (**) Option "xkb_layout" "us"
[    20.652] (**) Option "xkb_options" "terminate:ctrl_alt_bksp"
[    20.653] (II) event2  - Power Button: is tagged by udev as: Keyboard
[    20.653] (II) event2  - Power Button: device is a keyboard
[    20.653] (II) config/udev: Adding input device Lid Switch (/dev/input/event1)
[    20.654] (II) No input driver specified, ignoring this device.
[    20.654] (II) This device may have been added with another device file.
[    20.654] (II) config/udev: Adding input device Sleep Button (/dev/input/event0)
[    20.654] (**) Sleep Button: Applying InputClass "libinput keyboard catchall"
[    20.654] (**) Sleep Button: Applying InputClass "system-keyboard"
[    20.654] (II) Using input driver 'libinput' for 'Sleep Button'
[    20.655] (II) systemd-logind: got fd for /dev/input/event0 13:64 fd 39 paused 0
[    20.655] (**) Sleep Button: always reports core events
[    20.655] (**) Option "Device" "/dev/input/event0"
[    20.655] (II) event0  - Sleep Button: is tagged by udev as: Keyboard
[    20.655] (II) event0  - Sleep Button: device is a keyboard
[    20.656] (II) event0  - Sleep Button: device removed
[    20.656] (**) Option "config_info" "udev:/sys/devices/LNXSYSTM:00/LNXSYBUS:00/PNP0C0E:00/input/input0/event0"
[    20.656] (II) XINPUT: Adding extended input device "Sleep Button" (type: KEYBOARD, id 11)
[    20.656] (**) Option "xkb_model" "pc105+inet"
[    20.656] (**) Option "xkb_layout" "us"
[    20.656] (**) Option "xkb_options" "terminate:ctrl_alt_bksp"
[    20.656] (II) event0  - Sleep Button: is tagged by udev as: Keyboard
[    20.656] (II) event0  - Sleep Button: device is a keyboard
[    20.657] (II) config/udev: Adding input device HDA NVidia HDMI/DP,pcm=3 (/dev/input/event15)
[    20.657] (II) No input driver specified, ignoring this device.
[    20.657] (II) This device may have been added with another device file.
[    20.657] (II) config/udev: Adding input device HDA NVidia HDMI/DP,pcm=7 (/dev/input/event16)
[    20.657] (II) No input driver specified, ignoring this device.
[    20.657] (II) This device may have been added with another device file.
[    20.658] (II) config/udev: Adding input device HDA NVidia HDMI/DP,pcm=8 (/dev/input/event17)
[    20.658] (II) No input driver specified, ignoring this device.
[    20.658] (II) This device may have been added with another device file.
[    20.658] (II) config/udev: Adding input device HDA NVidia HDMI/DP,pcm=9 (/dev/input/event18)
[    20.658] (II) No input driver specified, ignoring this device.
[    20.658] (II) This device may have been added with another device file.
[    20.659] (II) config/udev: Adding input device MOSART Semi. 2.4G RF Keyboard & Mouse (/dev/input/event7)
[    20.659] (**) MOSART Semi. 2.4G RF Keyboard & Mouse: Applying InputClass "libinput keyboard catchall"
[    20.659] (**) MOSART Semi. 2.4G RF Keyboard & Mouse: Applying InputClass "system-keyboard"
[    20.659] (II) Using input driver 'libinput' for 'MOSART Semi. 2.4G RF Keyboard & Mouse'
[    20.660] (II) systemd-logind: got fd for /dev/input/event7 13:71 fd 40 paused 0
[    20.660] (**) MOSART Semi. 2.4G RF Keyboard & Mouse: always reports core events
[    20.660] (**) Option "Device" "/dev/input/event7"
[    20.661] (II) event7  - MOSART Semi. 2.4G RF Keyboard & Mouse: is tagged by udev as: Keyboard
[    20.661] (II) event7  - MOSART Semi. 2.4G RF Keyboard & Mouse: device is a keyboard
[    20.661] (II) event7  - MOSART Semi. 2.4G RF Keyboard & Mouse: device removed
[    20.661] (**) Option "config_info" "udev:/sys/devices/pci0000:00/0000:00:14.0/usb1/1-1/1-1:1.0/0003:3938:1032.0001/input/input7/event7"
[    20.661] (II) XINPUT: Adding extended input device "MOSART Semi. 2.4G RF Keyboard & Mouse" (type: KEYBOARD, id 12)
[    20.661] (**) Option "xkb_model" "pc105+inet"
[    20.661] (**) Option "xkb_layout" "us"
[    20.661] (**) Option "xkb_options" "terminate:ctrl_alt_bksp"
[    20.662] (II) event7  - MOSART Semi. 2.4G RF Keyboard & Mouse: is tagged by udev as: Keyboard
[    20.662] (II) event7  - MOSART Semi. 2.4G RF Keyboard & Mouse: device is a keyboard
[    20.663] (II) config/udev: Adding input device MOSART Semi. 2.4G RF Keyboard & Mouse System Control (/dev/input/event10)
[    20.663] (**) MOSART Semi. 2.4G RF Keyboard & Mouse System Control: Applying InputClass "libinput keyboard catchall"
[    20.663] (**) MOSART Semi. 2.4G RF Keyboard & Mouse System Control: Applying InputClass "system-keyboard"
[    20.663] (II) Using input driver 'libinput' for 'MOSART Semi. 2.4G RF Keyboard & Mouse System Control'
[    20.664] (II) systemd-logind: got fd for /dev/input/event10 13:74 fd 41 paused 0
[    20.664] (**) MOSART Semi. 2.4G RF Keyboard & Mouse System Control: always reports core events
[    20.664] (**) Option "Device" "/dev/input/event10"
[    20.665] (II) event10 - MOSART Semi. 2.4G RF Keyboard & Mouse System Control: is tagged by udev as: Keyboard
[    20.665] (II) event10 - MOSART Semi. 2.4G RF Keyboard & Mouse System Control: device is a keyboard
[    20.665] (II) event10 - MOSART Semi. 2.4G RF Keyboard & Mouse System Control: device removed
[    20.665] (**) Option "config_info" "udev:/sys/devices/pci0000:00/0000:00:14.0/usb1/1-1/1-1:1.1/0003:3938:1032.0002/input/input10/event10"
[    20.665] (II) XINPUT: Adding extended input device "MOSART Semi. 2.4G RF Keyboard & Mouse System Control" (type: KEYBOARD, id 13)
[    20.665] (**) Option "xkb_model" "pc105+inet"
[    20.665] (**) Option "xkb_layout" "us"
[    20.665] (**) Option "xkb_options" "terminate:ctrl_alt_bksp"
[    20.666] (II) event10 - MOSART Semi. 2.4G RF Keyboard & Mouse System Control: is tagged by udev as: Keyboard
[    20.666] (II) event10 - MOSART Semi. 2.4G RF Keyboard & Mouse System Control: device is a keyboard
[    20.667] (II) config/udev: Adding input device MOSART Semi. 2.4G RF Keyboard & Mouse (/dev/input/event11)
[    20.667] (II) No input driver specified, ignoring this device.
[    20.667] (II) This device may have been added with another device file.
[    20.667] (II) config/udev: Adding input device MOSART Semi. 2.4G RF Keyboard & Mouse (/dev/input/event8)
[    20.667] (**) MOSART Semi. 2.4G RF Keyboard & Mouse: Applying InputClass "libinput pointer catchall"
[    20.667] (II) Using input driver 'libinput' for 'MOSART Semi. 2.4G RF Keyboard & Mouse'
[    20.668] (II) systemd-logind: got fd for /dev/input/event8 13:72 fd 42 paused 0
[    20.668] (**) MOSART Semi. 2.4G RF Keyboard & Mouse: always reports core events
[    20.668] (**) Option "Device" "/dev/input/event8"
[    20.669] (II) event8  - MOSART Semi. 2.4G RF Keyboard & Mouse: is tagged by udev as: Mouse
[    20.669] (II) event8  - MOSART Semi. 2.4G RF Keyboard & Mouse: device is a pointer
[    20.669] (II) event8  - MOSART Semi. 2.4G RF Keyboard & Mouse: device removed
[    20.669] (II) libinput: MOSART Semi. 2.4G RF Keyboard & Mouse: Step value 0 was provided, libinput Fallback acceleration function is used.
[    20.669] (II) libinput: MOSART Semi. 2.4G RF Keyboard & Mouse: Step value 0 was provided, libinput Fallback acceleration function is used.
[    20.669] (II) libinput: MOSART Semi. 2.4G RF Keyboard & Mouse: Step value 0 was provided, libinput Fallback acceleration function is used.
[    20.669] (**) Option "config_info" "udev:/sys/devices/pci0000:00/0000:00:14.0/usb1/1-1/1-1:1.1/0003:3938:1032.0002/input/input8/event8"
[    20.669] (II) XINPUT: Adding extended input device "MOSART Semi. 2.4G RF Keyboard & Mouse" (type: MOUSE, id 14)
[    20.669] (**) Option "AccelerationScheme" "none"
[    20.669] (**) MOSART Semi. 2.4G RF Keyboard & Mouse: (accel) selected scheme none/0
[    20.669] (**) MOSART Semi. 2.4G RF Keyboard & Mouse: (accel) acceleration factor: 2.000
[    20.669] (**) MOSART Semi. 2.4G RF Keyboard & Mouse: (accel) acceleration threshold: 4
[    20.670] (II) event8  - MOSART Semi. 2.4G RF Keyboard & Mouse: is tagged by udev as: Mouse
[    20.670] (II) event8  - MOSART Semi. 2.4G RF Keyboard & Mouse: device is a pointer
[    20.671] (II) config/udev: Adding input device MOSART Semi. 2.4G RF Keyboard & Mouse (/dev/input/mouse0)
[    20.671] (II) No input driver specified, ignoring this device.
[    20.671] (II) This device may have been added with another device file.
[    20.671] (II) config/udev: Adding input device MOSART Semi. 2.4G RF Keyboard & Mouse Consumer Control (/dev/input/event9)
[    20.671] (**) MOSART Semi. 2.4G RF Keyboard & Mouse Consumer Control: Applying InputClass "libinput keyboard catchall"
[    20.671] (**) MOSART Semi. 2.4G RF Keyboard & Mouse Consumer Control: Applying InputClass "system-keyboard"
[    20.671] (II) Using input driver 'libinput' for 'MOSART Semi. 2.4G RF Keyboard & Mouse Consumer Control'
[    20.671] (II) systemd-logind: got fd for /dev/input/event9 13:73 fd 43 paused 0
[    20.671] (**) MOSART Semi. 2.4G RF Keyboard & Mouse Consumer Control: always reports core events
[    20.671] (**) Option "Device" "/dev/input/event9"
[    20.672] (II) event9  - MOSART Semi. 2.4G RF Keyboard & Mouse Consumer Control: is tagged by udev as: Keyboard
[    20.672] (II) event9  - MOSART Semi. 2.4G RF Keyboard & Mouse Consumer Control: device is a keyboard
[    20.673] (II) event9  - MOSART Semi. 2.4G RF Keyboard & Mouse Consumer Control: device removed
[    20.673] (II) libinput: MOSART Semi. 2.4G RF Keyboard & Mouse Consumer Control: needs a virtual subdevice
[    20.673] (**) Option "config_info" "udev:/sys/devices/pci0000:00/0000:00:14.0/usb1/1-1/1-1:1.1/0003:3938:1032.0002/input/input9/event9"
[    20.673] (II) XINPUT: Adding extended input device "MOSART Semi. 2.4G RF Keyboard & Mouse Consumer Control" (type: MOUSE, id 15)
[    20.673] (**) Option "AccelerationScheme" "none"
[    20.673] (**) MOSART Semi. 2.4G RF Keyboard & Mouse Consumer Control: (accel) selected scheme none/0
[    20.673] (**) MOSART Semi. 2.4G RF Keyboard & Mouse Consumer Control: (accel) acceleration factor: 2.000
[    20.673] (**) MOSART Semi. 2.4G RF Keyboard & Mouse Consumer Control: (accel) acceleration threshold: 4
[    20.673] (II) event9  - MOSART Semi. 2.4G RF Keyboard & Mouse Consumer Control: is tagged by udev as: Keyboard
[    20.673] (II) event9  - MOSART Semi. 2.4G RF Keyboard & Mouse Consumer Control: device is a keyboard
[    20.674] (II) config/udev: Adding input device ELAN1203:00 04F3:307A Mouse (/dev/input/event13)
[    20.674] (**) ELAN1203:00 04F3:307A Mouse: Applying InputClass "libinput pointer catchall"
[    20.674] (II) Using input driver 'libinput' for 'ELAN1203:00 04F3:307A Mouse'
[    20.674] (II) systemd-logind: got fd for /dev/input/event13 13:77 fd 44 paused 0
[    20.674] (**) ELAN1203:00 04F3:307A Mouse: always reports core events
[    20.674] (**) Option "Device" "/dev/input/event13"
[    20.675] (II) event13 - ELAN1203:00 04F3:307A Mouse: is tagged by udev as: Mouse Pointingstick
[    20.675] (II) event13 - ELAN1203:00 04F3:307A Mouse: device is a pointer
[    20.676] (II) event13 - ELAN1203:00 04F3:307A Mouse: device removed
[    20.676] (II) libinput: ELAN1203:00 04F3:307A Mouse: Step value 0 was provided, libinput Fallback acceleration function is used.
[    20.676] (II) libinput: ELAN1203:00 04F3:307A Mouse: Step value 0 was provided, libinput Fallback acceleration function is used.
[    20.676] (II) libinput: ELAN1203:00 04F3:307A Mouse: Step value 0 was provided, libinput Fallback acceleration function is used.
[    20.676] (**) Option "config_info" "udev:/sys/devices/pci0000:00/0000:00:15.0/i2c_designware.0/i2c-1/i2c-ELAN1203:00/0018:04F3:307A.0003/input/input16/event13"
[    20.676] (II) XINPUT: Adding extended input device "ELAN1203:00 04F3:307A Mouse" (type: MOUSE, id 16)
[    20.676] (**) Option "AccelerationScheme" "none"
[    20.676] (**) ELAN1203:00 04F3:307A Mouse: (accel) selected scheme none/0
[    20.676] (**) ELAN1203:00 04F3:307A Mouse: (accel) acceleration factor: 2.000
[    20.676] (**) ELAN1203:00 04F3:307A Mouse: (accel) acceleration threshold: 4
[    20.677] (II) event13 - ELAN1203:00 04F3:307A Mouse: is tagged by udev as: Mouse Pointingstick
[    20.677] (II) event13 - ELAN1203:00 04F3:307A Mouse: device is a pointer
[    20.678] (II) config/udev: Adding input device ELAN1203:00 04F3:307A Mouse (/dev/input/mouse1)
[    20.678] (II) No input driver specified, ignoring this device.
[    20.678] (II) This device may have been added with another device file.
[    20.678] (II) config/udev: Adding input device ELAN1203:00 04F3:307A Touchpad (/dev/input/event14)
[    20.678] (**) ELAN1203:00 04F3:307A Touchpad: Applying InputClass "libinput touchpad catchall"
[    20.678] (II) Using input driver 'libinput' for 'ELAN1203:00 04F3:307A Touchpad'
[    20.678] (II) systemd-logind: got fd for /dev/input/event14 13:78 fd 45 paused 0
[    20.678] (**) ELAN1203:00 04F3:307A Touchpad: always reports core events
[    20.678] (**) Option "Device" "/dev/input/event14"
[    20.679] (II) event14 - ELAN1203:00 04F3:307A Touchpad: is tagged by udev as: Touchpad
[    20.680] (II) event14 - ELAN1203:00 04F3:307A Touchpad: device is a touchpad
[    20.680] (II) event14 - ELAN1203:00 04F3:307A Touchpad: device removed
[    20.680] (II) libinput: ELAN1203:00 04F3:307A Touchpad: Step value 0 was provided, libinput Fallback acceleration function is used.
[    20.680] (II) libinput: ELAN1203:00 04F3:307A Touchpad: Step value 0 was provided, libinput Fallback acceleration function is used.
[    20.680] (II) libinput: ELAN1203:00 04F3:307A Touchpad: Step value 0 was provided, libinput Fallback acceleration function is used.
[    20.680] (**) Option "config_info" "udev:/sys/devices/pci0000:00/0000:00:15.0/i2c_designware.0/i2c-1/i2c-ELAN1203:00/0018:04F3:307A.0003/input/input17/event14"
[    20.680] (II) XINPUT: Adding extended input device "ELAN1203:00 04F3:307A Touchpad" (type: TOUCHPAD, id 17)
[    20.681] (**) Option "AccelerationScheme" "none"
[    20.681] (**) ELAN1203:00 04F3:307A Touchpad: (accel) selected scheme none/0
[    20.681] (**) ELAN1203:00 04F3:307A Touchpad: (accel) acceleration factor: 2.000
[    20.681] (**) ELAN1203:00 04F3:307A Touchpad: (accel) acceleration threshold: 4
[    20.681] (II) event14 - ELAN1203:00 04F3:307A Touchpad: is tagged by udev as: Touchpad
[    20.682] (II) event14 - ELAN1203:00 04F3:307A Touchpad: device is a touchpad
[    20.682] (II) config/udev: Adding input device ELAN1203:00 04F3:307A Touchpad (/dev/input/mouse2)
[    20.682] (II) No input driver specified, ignoring this device.
[    20.682] (II) This device may have been added with another device file.
[    20.683] (II) config/udev: Adding input device HDA Intel PCH Headphone (/dev/input/event21)
[    20.683] (II) No input driver specified, ignoring this device.
[    20.683] (II) This device may have been added with another device file.
[    20.683] (II) config/udev: Adding input device HDA Intel PCH HDMI/DP,pcm=3 (/dev/input/event22)
[    20.683] (II) No input driver specified, ignoring this device.
[    20.683] (II) This device may have been added with another device file.
[    20.683] (II) config/udev: Adding input device HDA Intel PCH HDMI/DP,pcm=7 (/dev/input/event23)
[    20.683] (II) No input driver specified, ignoring this device.
[    20.683] (II) This device may have been added with another device file.
[    20.683] (II) config/udev: Adding input device HDA Intel PCH HDMI/DP,pcm=8 (/dev/input/event24)
[    20.683] (II) No input driver specified, ignoring this device.
[    20.683] (II) This device may have been added with another device file.
[    20.684] (II) config/udev: Adding input device Asus WMI hotkeys (/dev/input/event12)
[    20.684] (**) Asus WMI hotkeys: Applying InputClass "libinput keyboard catchall"
[    20.684] (**) Asus WMI hotkeys: Applying InputClass "system-keyboard"
[    20.684] (II) Using input driver 'libinput' for 'Asus WMI hotkeys'
[    20.684] (II) systemd-logind: got fd for /dev/input/event12 13:76 fd 46 paused 0
[    20.684] (**) Asus WMI hotkeys: always reports core events
[    20.684] (**) Option "Device" "/dev/input/event12"
[    20.685] (II) event12 - Asus WMI hotkeys: is tagged by udev as: Keyboard
[    20.685] (II) event12 - Asus WMI hotkeys: device is a keyboard
[    20.685] (II) event12 - Asus WMI hotkeys: device removed
[    20.685] (**) Option "config_info" "udev:/sys/devices/platform/asus-nb-wmi/input/input15/event12"
[    20.685] (II) XINPUT: Adding extended input device "Asus WMI hotkeys" (type: KEYBOARD, id 18)
[    20.685] (**) Option "xkb_model" "pc105+inet"
[    20.685] (**) Option "xkb_layout" "us"
[    20.685] (**) Option "xkb_options" "terminate:ctrl_alt_bksp"
[    20.685] (II) event12 - Asus WMI hotkeys: is tagged by udev as: Keyboard
[    20.685] (II) event12 - Asus WMI hotkeys: device is a keyboard
[    20.686] (II) config/udev: Adding input device AT Translated Set 2 keyboard (/dev/input/event4)
[    20.686] (**) AT Translated Set 2 keyboard: Applying InputClass "libinput keyboard catchall"
[    20.686] (**) AT Translated Set 2 keyboard: Applying InputClass "system-keyboard"
[    20.686] (II) Using input driver 'libinput' for 'AT Translated Set 2 keyboard'
[    20.686] (II) systemd-logind: got fd for /dev/input/event4 13:68 fd 47 paused 0
[    20.686] (**) AT Translated Set 2 keyboard: always reports core events
[    20.686] (**) Option "Device" "/dev/input/event4"
[    20.686] (II) event4  - AT Translated Set 2 keyboard: is tagged by udev as: Keyboard
[    20.686] (II) event4  - AT Translated Set 2 keyboard: device is a keyboard
[    20.687] (II) event4  - AT Translated Set 2 keyboard: device removed
[    20.687] (**) Option "config_info" "udev:/sys/devices/platform/i8042/serio0/input/input4/event4"
[    20.687] (II) XINPUT: Adding extended input device "AT Translated Set 2 keyboard" (type: KEYBOARD, id 19)
[    20.687] (**) Option "xkb_model" "pc105+inet"
[    20.687] (**) Option "xkb_layout" "us"
[    20.687] (**) Option "xkb_options" "terminate:ctrl_alt_bksp"
[    20.688] (II) event4  - AT Translated Set 2 keyboard: is tagged by udev as: Keyboard
[    20.688] (II) event4  - AT Translated Set 2 keyboard: device is a keyboard
[    20.689] (II) config/udev: Adding input device PC Speaker (/dev/input/event6)
[    20.689] (II) No input driver specified, ignoring this device.
[    20.689] (II) This device may have been added with another device file.
[    20.704] (**) MOSART Semi. 2.4G RF Keyboard & Mouse Consumer Control: Applying InputClass "libinput keyboard catchall"
[    20.704] (**) MOSART Semi. 2.4G RF Keyboard & Mouse Consumer Control: Applying InputClass "system-keyboard"
[    20.704] (II) Using input driver 'libinput' for 'MOSART Semi. 2.4G RF Keyboard & Mouse Consumer Control'
[    20.704] (II) systemd-logind: returning pre-existing fd for /dev/input/event9 13:73
[    20.704] (**) MOSART Semi. 2.4G RF Keyboard & Mouse Consumer Control: always reports core events
[    20.704] (**) Option "Device" "/dev/input/event9"
[    20.704] (II) libinput: MOSART Semi. 2.4G RF Keyboard & Mouse Consumer Control: is a virtual subdevice
[    20.704] (**) Option "config_info" "udev:/sys/devices/pci0000:00/0000:00:14.0/usb1/1-1/1-1:1.1/0003:3938:1032.0002/input/input9/event9"
[    20.704] (II) XINPUT: Adding extended input device "MOSART Semi. 2.4G RF Keyboard & Mouse Consumer Control" (type: KEYBOARD, id 20)
[    20.704] (**) Option "xkb_model" "pc105+inet"
[    20.704] (**) Option "xkb_layout" "us"
[    20.704] (**) Option "xkb_options" "terminate:ctrl_alt_bksp"
[    20.964] (II) modeset(0): EDID vendor "NCP", prod id 77
[    20.964] (II) modeset(0): Using EDID range info for horizontal sync
[    20.964] (II) modeset(0): Using EDID range info for vertical refresh
[    20.964] (II) modeset(0): Printing DDC gathered Modelines:
[    20.964] (II) modeset(0): Modeline "1920x1080"x0.0  354.73  1920 1968 2000 2180  1080 1083 1088 1130 +hsync -vsync (162.7 kHz eP)
[    20.964] (II) modeset(0): Modeline "1920x1080"x0.0  147.81  1920 1968 2000 2180  1080 1083 1088 1130 +hsync -vsync (67.8 kHz e)
[    20.971] (II) modeset(0): EDID vendor "NCP", prod id 77
[    20.971] (II) modeset(0): Using hsync ranges from config file
[    20.971] (II) modeset(0): Using vrefresh ranges from config file
[    20.971] (II) modeset(0): Printing DDC gathered Modelines:
[    20.971] (II) modeset(0): Modeline "1920x1080"x0.0  354.73  1920 1968 2000 2180  1080 1083 1088 1130 +hsync -vsync (162.7 kHz eP)
[    20.971] (II) modeset(0): Modeline "1920x1080"x0.0  147.81  1920 1968 2000 2180  1080 1083 1088 1130 +hsync -vsync (67.8 kHz e)
[ 13287.847] (EE) event14 - ELAN1203:00 04F3:307A Touchpad: kernel bug: Touch jump detected and discarded.
See https://wayland.freedesktop.org/libinput/doc/1.23.0/touchpad-jumping-cursors.html for details
[ 14015.487] (EE) event14 - ELAN1203:00 04F3:307A Touchpad: kernel bug: Touch jump detected and discarded.
See https://wayland.freedesktop.org/libinput/doc/1.23.0/touchpad-jumping-cursors.html for details
[ 14815.315] (EE) event14 - ELAN1203:00 04F3:307A Touchpad: kernel bug: Touch jump detected and discarded.
See https://wayland.freedesktop.org/libinput/doc/1.23.0/touchpad-jumping-cursors.html for details
[ 17011.793] (EE) event14 - ELAN1203:00 04F3:307A Touchpad: kernel bug: Touch jump detected and discarded.
See https://wayland.freedesktop.org/libinput/doc/1.23.0/touchpad-jumping-cursors.html for details
[ 18260.012] (EE) event14 - ELAN1203:00 04F3:307A Touchpad: kernel bug: Touch jump detected and discarded.
See https://wayland.freedesktop.org/libinput/doc/1.23.0/touchpad-jumping-cursors.html for details
[ 18260.012] (EE) event14 - ELAN1203:00 04F3:307A Touchpad: WARNING: log rate limit exceeded (5 msgs per 24h). Discarding future messages.
